Copyright 1986-2022 Xilinx, Inc. All Rights Reserved.
------------------------------------------------------------------------------------------------------------------------------
| Tool Version : Vivado v.2022.1 (lin64) Build 3526262 Mon Apr 18 15:47:01 MDT 2022
| Date         : Sun Apr 12 15:26:50 2026
| Host         : edalinux06 running 64-bit Rocky Linux release 8.10 (Green Obsidian)
| Command      : report_timing_summary -file /home/szu-wei/rv32i-core/vivado/rv32i_core/timing_summary.rpt -warn_on_violation
| Design       : synthesis_top
| Device       : 7a100t-csg324
| Speed File   : -1  PRODUCTION 1.23 2018-06-13
------------------------------------------------------------------------------------------------------------------------------

Timing Summary Report

------------------------------------------------------------------------------------------------
| Timer Settings
| --------------
------------------------------------------------------------------------------------------------

  Enable Multi Corner Analysis               :  Yes
  Enable Pessimism Removal                   :  Yes
  Pessimism Removal Resolution               :  Nearest Common Node
  Enable Input Delay Default Clock           :  No
  Enable Preset / Clear Arcs                 :  No
  Disable Flight Delays                      :  No
  Ignore I/O Paths                           :  No
  Timing Early Launch at Borrowing Latches   :  No
  Borrow Time for Max Delay Exceptions       :  Yes
  Merge Timing Exceptions                    :  Yes

  Corner  Analyze    Analyze    
  Name    Max Paths  Min Paths  
  ------  ---------  ---------  
  Slow    Yes        Yes        
  Fast    Yes        Yes        


------------------------------------------------------------------------------------------------
| Report Methodology
| ------------------
------------------------------------------------------------------------------------------------

Rule       Severity  Description                                                Violations  
---------  --------  ---------------------------------------------------------  ----------  
SYNTH-5    Warning   Mapped onto distributed RAM because of timing constraints  128         
TIMING-18  Warning   Missing input or output delay                              17          

Note: This report is based on the most recent report_methodology run and may not be up-to-date. Run report_methodology on the current design for the latest report.



check_timing report

Table of Contents
-----------------
1. checking no_clock (0)
2. checking constant_clock (0)
3. checking pulse_width_clock (0)
4. checking unconstrained_internal_endpoints (0)
5. checking no_input_delay (1)
6. checking no_output_delay (16)
7. checking multiple_clock (0)
8. checking generated_clocks (0)
9. checking loops (0)
10. checking partial_input_delay (0)
11. checking partial_output_delay (0)
12. checking latch_loops (0)

1. checking no_clock (0)
------------------------
 There are 0 register/latch pins with no clock.


2. checking constant_clock (0)
------------------------------
 There are 0 register/latch pins with constant_clock.


3. checking pulse_width_clock (0)
---------------------------------
 There are 0 register/latch pins which need pulse_width check


4. checking unconstrained_internal_endpoints (0)
------------------------------------------------
 There are 0 pins that are not constrained for maximum delay.

 There are 0 pins that are not constrained for maximum delay due to constant clock.


5. checking no_input_delay (1)
------------------------------
 There is 1 input port with no input delay specified. (HIGH)

 There are 0 input ports with no input delay but user has a false path constraint.


6. checking no_output_delay (16)
--------------------------------
 There are 16 ports with no output delay specified. (HIGH)

 There are 0 ports with no output delay but user has a false path constraint

 There are 0 ports with no output delay but with a timing clock defined on it or propagating through it


7. checking multiple_clock (0)
------------------------------
 There are 0 register/latch pins with multiple clocks.


8. checking generated_clocks (0)
--------------------------------
 There are 0 generated clocks that are not connected to a clock source.


9. checking loops (0)
---------------------
 There are 0 combinational loops in the design.


10. checking partial_input_delay (0)
------------------------------------
 There are 0 input ports with partial input delay specified.


11. checking partial_output_delay (0)
-------------------------------------
 There are 0 ports with partial output delay specified.


12. checking latch_loops (0)
----------------------------
 There are 0 combinational latch loops in the design through latch input



------------------------------------------------------------------------------------------------
| Design Timing Summary
| ---------------------
------------------------------------------------------------------------------------------------

    WNS(ns)      TNS(ns)  TNS Failing Endpoints  TNS Total Endpoints      WHS(ns)      THS(ns)  THS Failing Endpoints  THS Total Endpoints     WPWS(ns)     TPWS(ns)  TPWS Failing Endpoints  TPWS Total Endpoints  
    -------      -------  ---------------------  -------------------      -------      -------  ---------------------  -------------------     --------     --------  ----------------------  --------------------  
      0.189        0.000                      0                45854        0.140        0.000                      0                45854        5.000        0.000                       0                 25028  


All user specified timing constraints are met.


------------------------------------------------------------------------------------------------
| Clock Summary
| -------------
------------------------------------------------------------------------------------------------

Clock        Waveform(ns)       Period(ns)      Frequency(MHz)
-----        ------------       ----------      --------------
sys_clk_pin  {0.000 6.250}      12.500          80.000          


------------------------------------------------------------------------------------------------
| Intra Clock Table
| -----------------
------------------------------------------------------------------------------------------------

Clock             WNS(ns)      TNS(ns)  TNS Failing Endpoints  TNS Total Endpoints      WHS(ns)      THS(ns)  THS Failing Endpoints  THS Total Endpoints     WPWS(ns)     TPWS(ns)  TPWS Failing Endpoints  TPWS Total Endpoints  
-----             -------      -------  ---------------------  -------------------      -------      -------  ---------------------  -------------------     --------     --------  ----------------------  --------------------  
sys_clk_pin         0.189        0.000                      0                45854        0.140        0.000                      0                45854        5.000        0.000                       0                 25028  


------------------------------------------------------------------------------------------------
| Inter Clock Table
| -----------------
------------------------------------------------------------------------------------------------

From Clock    To Clock          WNS(ns)      TNS(ns)  TNS Failing Endpoints  TNS Total Endpoints      WHS(ns)      THS(ns)  THS Failing Endpoints  THS Total Endpoints  
----------    --------          -------      -------  ---------------------  -------------------      -------      -------  ---------------------  -------------------  


------------------------------------------------------------------------------------------------
| Other Path Groups Table
| -----------------------
------------------------------------------------------------------------------------------------

Path Group    From Clock    To Clock          WNS(ns)      TNS(ns)  TNS Failing Endpoints  TNS Total Endpoints      WHS(ns)      THS(ns)  THS Failing Endpoints  THS Total Endpoints  
----------    ----------    --------          -------      -------  ---------------------  -------------------      -------      -------  ---------------------  -------------------  


------------------------------------------------------------------------------------------------
| Timing Details
| --------------
------------------------------------------------------------------------------------------------


---------------------------------------------------------------------------------------------------
From Clock:  sys_clk_pin
  To Clock:  sys_clk_pin

Setup :            0  Failing Endpoints,  Worst Slack        0.189ns,  Total Violation        0.000ns
Hold  :            0  Failing Endpoints,  Worst Slack        0.140ns,  Total Violation        0.000ns
PW    :            0  Failing Endpoints,  Worst Slack        5.000ns,  Total Violation        0.000ns
---------------------------------------------------------------------------------------------------


Max Delay Paths
--------------------------------------------------------------------------------------
Slack (MET) :             0.189ns  (required time - arrival time)
  Source:                 u_core/u_ex_mem/mem_rd_reg[2]/C
                            (rising edge-triggered cell FDCE clocked by sys_clk_pin  {rise@0.000ns fall@6.250ns period=12.500ns})
  Destination:            u_core/correction_target_r_reg[22]/CE
                            (rising edge-triggered cell FDCE clocked by sys_clk_pin  {rise@0.000ns fall@6.250ns period=12.500ns})
  Path Group:             sys_clk_pin
  Path Type:              Setup (Max at Slow Process Corner)
  Requirement:            12.500ns  (sys_clk_pin rise@12.500ns - sys_clk_pin rise@0.000ns)
  Data Path Delay:        12.103ns  (logic 3.506ns (28.967%)  route 8.597ns (71.033%))
  Logic Levels:           17  (CARRY4=4 LUT2=2 LUT3=1 LUT5=1 LUT6=9)
  Clock Path Skew:        0.033ns (DCD - SCD + CPR)
    Destination Clock Delay (DCD):    4.992ns = ( 17.492 - 12.500 ) 
    Source Clock Delay      (SCD):    5.218ns
    Clock Pessimism Removal (CPR):    0.259ns
  Clock Uncertainty:      0.035ns  ((TSJ^2 + TIJ^2)^1/2 + DJ) / 2 + PE
    Total System Jitter     (TSJ):    0.071ns
    Total Input Jitter      (TIJ):    0.000ns
    Discrete Jitter          (DJ):    0.000ns
    Phase Error              (PE):    0.000ns

    Location             Delay type                Incr(ns)  Path(ns)    Netlist Resource(s)
  -------------------------------------------------------------------    -------------------
                         (clock sys_clk_pin rise edge)
                                                      0.000     0.000 r  
    E3                                                0.000     0.000 r  clk (IN)
                         net (fo=0)                   0.000     0.000    clk
    E3                   IBUF (Prop_ibuf_I_O)         1.482     1.482 r  clk_IBUF_inst/O
                         net (fo=1, routed)           2.025     3.506    clk_IBUF
    BUFGCTRL_X0Y16       BUFG (Prop_bufg_I_O)         0.096     3.602 r  clk_IBUF_BUFG_inst/O
                         net (fo=25027, routed)       1.616     5.218    u_core/u_ex_mem/clk_IBUF_BUFG
    SLICE_X14Y121        FDCE                                         r  u_core/u_ex_mem/mem_rd_reg[2]/C
  -------------------------------------------------------------------    -------------------
    SLICE_X14Y121        FDCE (Prop_fdce_C_Q)         0.478     5.696 r  u_core/u_ex_mem/mem_rd_reg[2]/Q
                         net (fo=4, routed)           0.691     6.387    u_core/u_ex_mem/mem_rd_reg[4]_0[2]
    SLICE_X15Y121        LUT6 (Prop_lut6_I1_O)        0.295     6.682 f  u_core/u_ex_mem/result0_carry_i_27/O
                         net (fo=35, routed)          0.573     7.255    u_core/u_ex_mem/mem_reg_we_reg_0
    SLICE_X15Y121        LUT6 (Prop_lut6_I0_O)        0.124     7.379 f  u_core/u_ex_mem/mem_rs2_data[31]_i_3/O
                         net (fo=36, routed)          0.743     8.123    u_core/u_ex_mem/ex_rs2_addr_reg[3]
    SLICE_X14Y120        LUT2 (Prop_lut2_I0_O)        0.124     8.247 r  u_core/u_ex_mem/mem_rs2_data[31]_i_6/O
                         net (fo=37, routed)          0.853     9.100    u_core/u_ex_mem/ex_rs2_addr_reg[3]_0
    SLICE_X15Y116        LUT6 (Prop_lut6_I2_O)        0.124     9.224 f  u_core/u_ex_mem/mem_rs2_data[0]_i_2/O
                         net (fo=6, routed)           0.478     9.702    u_core/u_id_ex/mem_alu_result[0]_i_2_1
    SLICE_X14Y114        LUT3 (Prop_lut3_I2_O)        0.124     9.826 r  u_core/u_id_ex/result0_carry_i_19/O
                         net (fo=60, routed)          0.548    10.374    u_core/u_id_ex/u_alu/p_0_in[0]
    SLICE_X12Y115        LUT2 (Prop_lut2_I1_O)        0.124    10.498 r  u_core/u_id_ex/i__carry_i_7/O
                         net (fo=1, routed)           0.000    10.498    u_core/u_alu/mem_alu_result[0]_i_6[0]
    SLICE_X12Y115        CARRY4 (Prop_carry4_S[0]_CO[3])
                                                      0.513    11.011 r  u_core/u_alu/result0_inferred__0/i__carry/CO[3]
                         net (fo=1, routed)           0.000    11.011    u_core/u_alu/result0_inferred__0/i__carry_n_0
    SLICE_X12Y116        CARRY4 (Prop_carry4_CI_CO[3])
                                                      0.117    11.128 r  u_core/u_alu/result0_inferred__0/i__carry__0/CO[3]
                         net (fo=1, routed)           0.000    11.128    u_core/u_alu/result0_inferred__0/i__carry__0_n_0
    SLICE_X12Y117        CARRY4 (Prop_carry4_CI_CO[3])
                                                      0.117    11.245 r  u_core/u_alu/result0_inferred__0/i__carry__1/CO[3]
                         net (fo=1, routed)           0.000    11.245    u_core/u_alu/result0_inferred__0/i__carry__1_n_0
    SLICE_X12Y118        CARRY4 (Prop_carry4_CI_O[3])
                                                      0.315    11.560 r  u_core/u_alu/result0_inferred__0/i__carry__2/O[3]
                         net (fo=1, routed)           0.888    12.448    u_core/u_id_ex/mem_alu_result[31]_i_4_0[10]
    SLICE_X1Y117         LUT5 (Prop_lut5_I2_O)        0.307    12.755 r  u_core/u_id_ex/mem_alu_result[15]_i_8/O
                         net (fo=1, routed)           0.545    13.301    u_core/u_id_ex/mem_alu_result[15]_i_8_n_0
    SLICE_X1Y114         LUT6 (Prop_lut6_I1_O)        0.124    13.425 f  u_core/u_id_ex/mem_alu_result[15]_i_4/O
                         net (fo=1, routed)           0.295    13.720    u_core/u_id_ex/mem_alu_result[15]_i_4_n_0
    SLICE_X2Y114         LUT6 (Prop_lut6_I1_O)        0.124    13.844 r  u_core/u_id_ex/mem_alu_result[15]_i_2/O
                         net (fo=3, routed)           0.582    14.426    u_core/u_id_ex/mem_alu_result[15]_i_2_n_0
    SLICE_X2Y116         LUT6 (Prop_lut6_I0_O)        0.124    14.550 r  u_core/u_id_ex/taken_r_i_12/O
                         net (fo=2, routed)           0.801    15.352    u_core/u_id_ex/taken_r_i_12_n_0
    SLICE_X5Y123         LUT6 (Prop_lut6_I0_O)        0.124    15.476 r  u_core/u_id_ex/flush_r_i_5/O
                         net (fo=1, routed)           0.637    16.112    u_core/u_id_ex/flush_r_i_5_n_0
    SLICE_X9Y124         LUT6 (Prop_lut6_I3_O)        0.124    16.236 r  u_core/u_id_ex/flush_r_i_2/O
                         net (fo=5, routed)           0.298    16.535    u_core/u_id_ex/flush_r_i_2_n_0
    SLICE_X9Y124         LUT6 (Prop_lut6_I4_O)        0.124    16.659 r  u_core/u_id_ex/correction_target_r[31]_i_1/O
                         net (fo=32, routed)          0.663    17.322    u_core/correction_target_r
    SLICE_X7Y125         FDCE                                         r  u_core/correction_target_r_reg[22]/CE
  -------------------------------------------------------------------    -------------------

                         (clock sys_clk_pin rise edge)
                                                     12.500    12.500 r  
    E3                                                0.000    12.500 r  clk (IN)
                         net (fo=0)                   0.000    12.500    clk
    E3                   IBUF (Prop_ibuf_I_O)         1.411    13.911 r  clk_IBUF_inst/O
                         net (fo=1, routed)           1.920    15.831    clk_IBUF
    BUFGCTRL_X0Y16       BUFG (Prop_bufg_I_O)         0.091    15.922 r  clk_IBUF_BUFG_inst/O
                         net (fo=25027, routed)       1.570    17.492    u_core/clk_IBUF_BUFG
    SLICE_X7Y125         FDCE                                         r  u_core/correction_target_r_reg[22]/C
                         clock pessimism              0.259    17.751    
                         clock uncertainty           -0.035    17.716    
    SLICE_X7Y125         FDCE (Setup_fdce_C_CE)      -0.205    17.511    u_core/correction_target_r_reg[22]
  -------------------------------------------------------------------
                         required time                         17.511    
                         arrival time                         -17.322    
  -------------------------------------------------------------------
                         slack                                  0.189    





Min Delay Paths
--------------------------------------------------------------------------------------
Slack (MET) :             0.140ns  (arrival time - required time)
  Source:                 u_core/u_if_id/id_pc4_reg[2]/C
                            (rising edge-triggered cell FDCE clocked by sys_clk_pin  {rise@0.000ns fall@6.250ns period=12.500ns})
  Destination:            u_core/u_id_ex/ex_pc4_reg[2]/D
                            (rising edge-triggered cell FDCE clocked by sys_clk_pin  {rise@0.000ns fall@6.250ns period=12.500ns})
  Path Group:             sys_clk_pin
  Path Type:              Hold (Min at Fast Process Corner)
  Requirement:            0.000ns  (sys_clk_pin rise@0.000ns - sys_clk_pin rise@0.000ns)
  Data Path Delay:        0.273ns  (logic 0.186ns (68.106%)  route 0.087ns (31.894%))
  Logic Levels:           1  (LUT2=1)
  Clock Path Skew:        0.013ns (DCD - SCD - CPR)
    Destination Clock Delay (DCD):    2.005ns
    Source Clock Delay      (SCD):    1.488ns
    Clock Pessimism Removal (CPR):    0.503ns

    Location             Delay type                Incr(ns)  Path(ns)    Netlist Resource(s)
  -------------------------------------------------------------------    -------------------
                         (clock sys_clk_pin rise edge)
                                                      0.000     0.000 r  
    E3                                                0.000     0.000 r  clk (IN)
                         net (fo=0)                   0.000     0.000    clk
    E3                   IBUF (Prop_ibuf_I_O)         0.250     0.250 r  clk_IBUF_inst/O
                         net (fo=1, routed)           0.644     0.894    clk_IBUF
    BUFGCTRL_X0Y16       BUFG (Prop_bufg_I_O)         0.026     0.920 r  clk_IBUF_BUFG_inst/O
                         net (fo=25027, routed)       0.569     1.488    u_core/u_if_id/clk_IBUF_BUFG
    SLICE_X13Y105        FDCE                                         r  u_core/u_if_id/id_pc4_reg[2]/C
  -------------------------------------------------------------------    -------------------
    SLICE_X13Y105        FDCE (Prop_fdce_C_Q)         0.141     1.629 r  u_core/u_if_id/id_pc4_reg[2]/Q
                         net (fo=1, routed)           0.087     1.717    u_core/u_if_id/id_pc4[2]
    SLICE_X12Y105        LUT2 (Prop_lut2_I0_O)        0.045     1.762 r  u_core/u_if_id/ex_pc4[2]_i_1/O
                         net (fo=1, routed)           0.000     1.762    u_core/u_id_ex/ex_pc4_reg[31]_1[1]
    SLICE_X12Y105        FDCE                                         r  u_core/u_id_ex/ex_pc4_reg[2]/D
  -------------------------------------------------------------------    -------------------

                         (clock sys_clk_pin rise edge)
                                                      0.000     0.000 r  
    E3                                                0.000     0.000 r  clk (IN)
                         net (fo=0)                   0.000     0.000    clk
    E3                   IBUF (Prop_ibuf_I_O)         0.438     0.438 r  clk_IBUF_inst/O
                         net (fo=1, routed)           0.699     1.136    clk_IBUF
    BUFGCTRL_X0Y16       BUFG (Prop_bufg_I_O)         0.029     1.165 r  clk_IBUF_BUFG_inst/O
                         net (fo=25027, routed)       0.840     2.005    u_core/u_id_ex/clk_IBUF_BUFG
    SLICE_X12Y105        FDCE                                         r  u_core/u_id_ex/ex_pc4_reg[2]/C
                         clock pessimism             -0.503     1.501    
    SLICE_X12Y105        FDCE (Hold_fdce_C_D)         0.120     1.621    u_core/u_id_ex/ex_pc4_reg[2]
  -------------------------------------------------------------------
                         required time                         -1.621    
                         arrival time                           1.762    
  -------------------------------------------------------------------
                         slack                                  0.140    





Pulse Width Checks
--------------------------------------------------------------------------------------
Clock Name:         sys_clk_pin
Waveform(ns):       { 0.000 6.250 }
Period(ns):         12.500
Sources:            { clk }

Check Type        Corner  Lib Pin      Reference Pin  Required(ns)  Actual(ns)  Slack(ns)  Location        Pin
Min Period        n/a     BUFG/I       n/a            2.155         12.500      10.345     BUFGCTRL_X0Y16  clk_IBUF_BUFG_inst/I
Low Pulse Width   Slow    RAMS64E/CLK  n/a            1.250         6.250       5.000      SLICE_X60Y106   u_core/u_dmem/mem_reg_0_255_0_0/RAMS64E_A/CLK
High Pulse Width  Slow    RAMS64E/CLK  n/a            1.250         6.250       5.000      SLICE_X60Y106   u_core/u_dmem/mem_reg_0_255_0_0/RAMS64E_A/CLK


